\BOOKMARK [1][-]{section.1}{Motivation}{}% 1
\BOOKMARK [2][-]{subsection.1.1}{Statement of Purpose}{section.1}% 2
\BOOKMARK [2][-]{subsection.1.2}{Qualitative Motivation}{section.1}% 3
\BOOKMARK [2][-]{subsection.1.3}{Quantitative Motivation}{section.1}% 4
\BOOKMARK [1][-]{section.2}{Methodology}{}% 5
\BOOKMARK [2][-]{subsection.2.1}{Experimental Facility}{section.2}% 6
\BOOKMARK [3][-]{subsubsection.2.1.1}{CLAS in Hall-B}{subsection.2.1}% 7
\BOOKMARK [2][-]{subsection.2.2}{Data Analysis}{section.2}% 8
\BOOKMARK [3][-]{subsubsection.2.2.1}{Electron Identification}{subsection.2.2}% 9
\BOOKMARK [3][-]{subsubsection.2.2.2}{Kaon Identification}{subsection.2.2}% 10
\BOOKMARK [2][-]{subsection.2.3}{EVA Framework}{section.2}% 11
\BOOKMARK [1][-]{section.3}{Analysis of Inclusive Cross Section}{}% 12
\BOOKMARK [2][-]{subsection.3.1}{Calculation of Integrated Luminosity}{section.3}% 13
\BOOKMARK [2][-]{subsection.3.2}{Acceptance Corrections}{section.3}% 14
\BOOKMARK [2][-]{subsection.3.3}{Radiative Corrections}{section.3}% 15
\BOOKMARK [2][-]{subsection.3.4}{Comparison to Model}{section.3}% 16
\BOOKMARK [1][-]{section.4}{Semi-Inclusive DIS}{}% 17
\BOOKMARK [1][-]{section.5}{Kaon Beam Spin Asymmetry}{}% 18
\BOOKMARK [2][-]{subsection.5.1}{Helicity Determination}{section.5}% 19
\BOOKMARK [2][-]{subsection.5.2}{Measurement of \040Dependent Asymmetry}{section.5}% 20
\BOOKMARK [2][-]{subsection.5.3}{Systematic Uncertainties}{section.5}% 21
\BOOKMARK [2][-]{subsection.5.4}{Conclusion and Outlook}{section.5}% 22
\BOOKMARK [1][-]{section.6}{Conclusion and Outlook}{}% 23
